0 info it worked if it ends with ok
1 verbose cli [ 'C:\\Program Files\\nodejs\\node.exe',
1 verbose cli   'C:\\Program Files\\nodejs\\node_modules\\npm\\bin\\npm-cli.js',
1 verbose cli   'run-script',
1 verbose cli   'start' ]
2 info using npm@3.10.10
3 info using node@v6.11.0
4 verbose run-script [ 'prestart', 'start', 'poststart' ]
5 info lifecycle ws@1.0.0~prestart: ws@1.0.0
6 silly lifecycle ws@1.0.0~prestart: no script for prestart, continuing
7 info lifecycle ws@1.0.0~start: ws@1.0.0
8 verbose lifecycle ws@1.0.0~start: unsafe-perm in lifecycle true
9 verbose lifecycle ws@1.0.0~start: PATH: C:\Program Files\nodejs\node_modules\npm\bin\node-gyp-bin;C:\Users\Johnathan\Documents\NetBeansProjects\ws\node_modules\.bin;C:\Windows\system32;C:\Windows;C:\Windows\system32\wbem;C:\Program Files (x86)\Embarcadero\Studio\18.0\bin;C:\Users\Public\Documents\Embarcadero\Studio\18.0\Bpl;C:\Program Files (x86)\Embarcadero\Studio\18.0\bin64;C:\Users\Public\Documents\Embarcadero\Studio\18.0\Bpl\Win64;C:\Program Files (x86)\Embarcadero\Studio\17.0\bin;C:\Users\Public\Documents\Embarcadero\Studio\17.0\Bpl;C:\Program Files (x86)\Embarcadero\Studio\17.0\bin64;C:\Users\Public\Documents\Embarcadero\Studio\17.0\Bpl\Win64;C:\ProgramData\Oracle\Java\javapath;C:\Windows\System32\WindowsPowerShell\v1.0;C:\Program Files\Git\cmd;C:\Program Files (x86)\GtkSharp\2.12\bin;C:\Program Files (x86)\Common Files\Tom Sawyer Software\8.0.0;C:\xampp\php;C:\ProgramData\ComposerSetup\bin;C:\Program Files\GTK3-Runtime Win64\bin;C:\Program Files (x86)\Java\jdk1.8.0_131\bin;C:\Program Files\Microsoft SQL Server\110\Tools\Binn;C:\Program Files (x86)\Microsoft SDKs\TypeScript\1.0;C:\Program Files\Microsoft SQL Server\120\Tools\Binn;C:\Program Files\nodejs;D:\android-sdk-windows\platform-tools;;C:\TDM-GCC-32\bin;C:\Program Files (x86)\NVIDIA Corporation\PhysX\Common;C:\Program Files\Common Files\Autodesk Shared\;C:\xamppP\php;C:\Users\Johnathan\.cargo\bin;C:\Users\Johnathan\AppData\Roaming\Composer\vendor\bin;C:\MinGW\bin;C:\Users\Johnathan\AppData\Roaming\npm
10 verbose lifecycle ws@1.0.0~start: CWD: C:\Users\Johnathan\Documents\NetBeansProjects\ws
11 silly lifecycle ws@1.0.0~start: Args: [ '/d /s /c', 'node bin/www' ]
12 silly lifecycle ws@1.0.0~start: Returned: code: 1  signal: null
13 info lifecycle ws@1.0.0~start: Failed to exec start script
14 verbose stack Error: ws@1.0.0 start: `node bin/www`
14 verbose stack Exit status 1
14 verbose stack     at EventEmitter.<anonymous> (C:\Program Files\nodejs\node_modules\npm\lib\utils\lifecycle.js:255:16)
14 verbose stack     at emitTwo (events.js:106:13)
14 verbose stack     at EventEmitter.emit (events.js:191:7)
14 verbose stack     at ChildProcess.<anonymous> (C:\Program Files\nodejs\node_modules\npm\lib\utils\spawn.js:40:14)
14 verbose stack     at emitTwo (events.js:106:13)
14 verbose stack     at ChildProcess.emit (events.js:191:7)
14 verbose stack     at maybeClose (internal/child_process.js:891:16)
14 verbose stack     at Process.ChildProcess._handle.onexit (internal/child_process.js:226:5)
15 verbose pkgid ws@1.0.0
16 verbose cwd C:\Users\Johnathan\Documents\NetBeansProjects\ws
17 error Windows_NT 6.1.7601
18 error argv "C:\\Program Files\\nodejs\\node.exe" "C:\\Program Files\\nodejs\\node_modules\\npm\\bin\\npm-cli.js" "run-script" "start"
19 error node v6.11.0
20 error npm  v3.10.10
21 error code ELIFECYCLE
22 error ws@1.0.0 start: `node bin/www`
22 error Exit status 1
23 error Failed at the ws@1.0.0 start script 'node bin/www'.
23 error Make sure you have the latest version of node.js and npm installed.
23 error If you do, this is most likely a problem with the ws package,
23 error not with npm itself.
23 error Tell the author that this fails on your system:
23 error     node bin/www
23 error You can get information on how to open an issue for this project with:
23 error     npm bugs ws
23 error Or if that isn't available, you can get their info via:
23 error     npm owner ls ws
23 error There is likely additional logging output above.
24 verbose exit [ 1, true ]
